GROUP,PACKAGE,CLASS,INSTRUCTION_MISSED,INSTRUCTION_COVERED,BRANCH_MISSED,BRANCH_COVERED,LINE_MISSED,LINE_COVERED,COMPLEXITY_MISSED,COMPLEXITY_COVERED,METHOD_MISSED,METHOD_COVERED
utnphones,edu.utn.utnphones.controller.web,LoginController,0,56,0,0,0,16,0,4,0,4
utnphones,edu.utn.utnphones.controller.web,UserWebController,0,128,4,12,0,26,4,8,0,4
utnphones,edu.utn.utnphones.controller.web,BackOfficeWebController,0,113,0,6,0,22,0,11,0,8
utnphones,edu.utn.utnphones.controller,UserController,35,0,4,0,9,0,7,0,5,0
